\BOOKMARK [0][-]{chapter.1}{Introduction}{}% 1
\BOOKMARK [1][-]{section.1.1}{Langage et compilation}{chapter.1}% 2
\BOOKMARK [1][-]{section.1.2}{Documentation}{chapter.1}% 3
\BOOKMARK [1][-]{section.1.3}{Contenu des fichiers}{chapter.1}% 4
\BOOKMARK [1][-]{section.1.4}{Fichiers}{chapter.1}% 5
\BOOKMARK [2][-]{subsection.1.4.1}{noms}{section.1.4}% 6
\BOOKMARK [2][-]{subsection.1.4.2}{html}{section.1.4}% 7
\BOOKMARK [2][-]{subsection.1.4.3}{niveaux}{section.1.4}% 8
\BOOKMARK [1][-]{section.1.5}{Nom des namespace}{chapter.1}% 9
\BOOKMARK [1][-]{section.1.6}{Nom des classes}{chapter.1}% 10
\BOOKMARK [1][-]{section.1.7}{Nom des variables}{chapter.1}% 11
\BOOKMARK [0][-]{chapter.2}{Les classes}{}% 12
\BOOKMARK [1][-]{section.2.1}{Les objets g\351om\351triques}{chapter.2}% 13
\BOOKMARK [2][-]{subsection.2.1.1}{Ellipse}{section.2.1}% 14
\BOOKMARK [2][-]{subsection.2.1.2}{Droite}{section.2.1}% 15
\BOOKMARK [2][-]{subsection.2.1.3}{Rectangle}{section.2.1}% 16
\BOOKMARK [2][-]{subsection.2.1.4}{Point}{section.2.1}% 17
\BOOKMARK [2][-]{subsection.2.1.5}{Utilitaire}{section.2.1}% 18
\BOOKMARK [1][-]{section.2.2}{Les \351l\351ments}{chapter.2}% 19
\BOOKMARK [2][-]{subsection.2.2.1}{Element}{section.2.2}% 20
\BOOKMARK [2][-]{subsection.2.2.2}{Cristal}{section.2.2}% 21
\BOOKMARK [2][-]{subsection.2.2.3}{Destination}{section.2.2}% 22
\BOOKMARK [2][-]{subsection.2.2.4}{Lentille}{section.2.2}% 23
\BOOKMARK [2][-]{subsection.2.2.5}{Miroir}{section.2.2}% 24
\BOOKMARK [2][-]{subsection.2.2.6}{Bombe}{section.2.2}% 25
\BOOKMARK [2][-]{subsection.2.2.7}{Rayon}{section.2.2}% 26
\BOOKMARK [2][-]{subsection.2.2.8}{Source}{section.2.2}% 27
\BOOKMARK [2][-]{subsection.2.2.9}{Mur}{section.2.2}% 28
\BOOKMARK [2][-]{subsection.2.2.10}{Niveau}{section.2.2}% 29
\BOOKMARK [2][-]{subsection.2.2.11}{Createur de niveau}{section.2.2}% 30
\BOOKMARK [1][-]{section.2.3}{L'exception}{chapter.2}% 31
\BOOKMARK [2][-]{subsection.2.3.1}{Exception Starlight}{section.2.3}% 32
\BOOKMARK [1][-]{section.2.4}{Les objets visuels}{chapter.2}% 33
\BOOKMARK [2][-]{subsection.2.4.1}{La source}{section.2.4}% 34
\BOOKMARK [2][-]{subsection.2.4.2}{Le miroir}{section.2.4}% 35
\BOOKMARK [2][-]{subsection.2.4.3}{Le niveau}{section.2.4}% 36
\BOOKMARK [2][-]{subsection.2.4.4}{Le menu}{section.2.4}% 37
\BOOKMARK [2][-]{subsection.2.4.5}{La fen\352tre principale}{section.2.4}% 38
\BOOKMARK [0][-]{chapter.3}{Algorithmes}{}% 39
\BOOKMARK [1][-]{section.3.1}{R\351flexion}{chapter.3}% 40
\BOOKMARK [1][-]{section.3.2}{Intersection}{chapter.3}% 41
\BOOKMARK [2][-]{subsection.3.2.1}{Deux droites}{section.3.2}% 42
\BOOKMARK [2][-]{subsection.3.2.2}{Droite et rectangle}{section.3.2}% 43
\BOOKMARK [2][-]{subsection.3.2.3}{Droite et ellipse}{section.3.2}% 44
\BOOKMARK [1][-]{section.3.3}{Moteur de jeu}{chapter.3}% 45
\BOOKMARK [0][-]{chapter.4}{Test effectu\351s}{}% 46
\BOOKMARK [1][-]{section.4.1}{Framework de test}{chapter.4}% 47
\BOOKMARK [1][-]{section.4.2}{Tests unitaire}{chapter.4}% 48
\BOOKMARK [1][-]{section.4.3}{Bugs connus}{chapter.4}% 49
\BOOKMARK [0][-]{chapter.5}{Bonus}{}% 50
\BOOKMARK [0][-]{chapter.6}{Conclusion}{}% 51
\BOOKMARK [0][-]{appendix.A}{R\351f\351rences}{}% 52
